# JRE version: OpenJDK Runtime Environment (8.0_151-b12) (build 1.8.0_151-8u151-b12-0ubuntu0.16.04.2-b12)
# Java VM: OpenJDK 64-Bit Server VM (25.151-b12 mixed mode linux-amd64 compressed oops)
Heap:
 PSYoungGen      total 6656K, used 6640K [0x00000000d6800000, 0x00000000d6f00000, 0x0000000100000000)
  eden space 6144K, 100% used [0x00000000d6800000,0x00000000d6e00000,0x00000000d6e00000)
  from space 512K, 96% used [0x00000000d6e80000,0x00000000d6efc010,0x00000000d6f00000)
  to   space 512K, 100% used [0x00000000d6e00000,0x00000000d6e80000,0x00000000d6e80000)
 ParOldGen       total 5632K, used 3025K [0x0000000083800000, 0x0000000083d80000, 0x00000000d6800000)
  object space 5632K, 53% used [0x0000000083800000,0x0000000083af44c0,0x0000000083d80000)
 Metaspace       used 7173K, capacity 8116K, committed 8320K, reserved 1056768K
  class space    used 855K, capacity 880K, committed 896K, reserved 1048576K
GC Heap History (9 events):
Event: 0.102 GC heap before
{Heap before GC invocations=1 (full 0):
 PSYoungGen      total 2048K, used 1536K [0x00000000d6800000, 0x00000000d6a80000, 0x0000000100000000)
  eden space 1536K, 100% used [0x00000000d6800000,0x00000000d6980000,0x00000000d6980000)
  from space 512K, 0% used [0x00000000d6a00000,0x00000000d6a00000,0x00000000d6a80000)
  to   space 512K, 0% used [0x00000000d6980000,0x00000000d6980000,0x00000000d6a00000)
 ParOldGen       total 5632K, used 0K [0x0000000083800000, 0x0000000083d80000, 0x00000000d6800000)
  object space 5632K, 0% used [0x0000000083800000,0x0000000083800000,0x0000000083d80000)
 Metaspace       used 3207K, capacity 4812K, committed 5120K, reserved 1056768K
  class space    used 354K, capacity 456K, committed 512K, reserved 1048576K
Event: 0.107 GC heap after
Heap after GC invocations=1 (full 0):
 PSYoungGen      total 2048K, used 480K [0x00000000d6800000, 0x00000000d6c00000, 0x0000000100000000)
  eden space 1536K, 0% used [0x00000000d6800000,0x00000000d6800000,0x00000000d6980000)
  from space 512K, 93% used [0x00000000d6980000,0x00000000d69f8020,0x00000000d6a00000)
  to   space 512K, 0% used [0x00000000d6b80000,0x00000000d6b80000,0x00000000d6c00000)
 ParOldGen       total 5632K, used 24K [0x0000000083800000, 0x0000000083d80000, 0x00000000d6800000)
  object space 5632K, 0% used [0x0000000083800000,0x0000000083806000,0x0000000083d80000)
 Metaspace       used 3207K, capacity 4812K, committed 5120K, reserved 1056768K
  class space    used 354K, capacity 456K, committed 512K, reserved 1048576K
}
Event: 0.140 GC heap before
{Heap before GC invocations=2 (full 0):
 PSYoungGen      total 2048K, used 2016K [0x00000000d6800000, 0x00000000d6c00000, 0x0000000100000000)
  eden space 1536K, 100% used [0x00000000d6800000,0x00000000d6980000,0x00000000d6980000)
  from space 512K, 93% used [0x00000000d6980000,0x00000000d69f8020,0x00000000d6a00000)
  to   space 512K, 0% used [0x00000000d6b80000,0x00000000d6b80000,0x00000000d6c00000)
 ParOldGen       total 5632K, used 24K [0x0000000083800000, 0x0000000083d80000, 0x00000000d6800000)
  object space 5632K, 0% used [0x0000000083800000,0x0000000083806000,0x0000000083d80000)
 Metaspace       used 3905K, capacity 5228K, committed 5376K, reserved 1056768K
  class space    used 447K, capacity 488K, committed 512K, reserved 1048576K
Event: 0.142 GC heap after
Heap after GC invocations=2 (full 0):
 PSYoungGen      total 3584K, used 496K [0x00000000d6800000, 0x00000000d6c00000, 0x0000000100000000)
  eden space 3072K, 0% used [0x00000000d6800000,0x00000000d6800000,0x00000000d6b00000)
  from space 512K, 96% used [0x00000000d6b80000,0x00000000d6bfc030,0x00000000d6c00000)
  to   space 512K, 0% used [0x00000000d6b00000,0x00000000d6b00000,0x00000000d6b80000)
 ParOldGen       total 5632K, used 80K [0x0000000083800000, 0x0000000083d80000, 0x00000000d6800000)
  object space 5632K, 1% used [0x0000000083800000,0x0000000083814000,0x0000000083d80000)
 Metaspace       used 3905K, capacity 5228K, committed 5376K, reserved 1056768K
  class space    used 447K, capacity 488K, committed 512K, reserved 1048576K
}
Event: 0.194 GC heap before
{Heap before GC invocations=3 (full 0):
 PSYoungGen      total 3584K, used 3568K [0x00000000d6800000, 0x00000000d6c00000, 0x0000000100000000)
  eden space 3072K, 100% used [0x00000000d6800000,0x00000000d6b00000,0x00000000d6b00000)
  from space 512K, 96% used [0x00000000d6b80000,0x00000000d6bfc030,0x00000000d6c00000)
  to   space 512K, 0% used [0x00000000d6b00000,0x00000000d6b00000,0x00000000d6b80000)
 ParOldGen       total 5632K, used 80K [0x0000000083800000, 0x0000000083d80000, 0x00000000d6800000)
  object space 5632K, 1% used [0x0000000083800000,0x0000000083814000,0x0000000083d80000)
 Metaspace       used 4830K, capacity 6060K, committed 6272K, reserved 1056768K
  class space    used 565K, capacity 616K, committed 640K, reserved 1048576K
Event: 0.199 GC heap after
Heap after GC invocations=3 (full 0):
 PSYoungGen      total 3584K, used 496K [0x00000000d6800000, 0x00000000d6f00000, 0x0000000100000000)
  eden space 3072K, 0% used [0x00000000d6800000,0x00000000d6800000,0x00000000d6b00000)
  from space 512K, 96% used [0x00000000d6b00000,0x00000000d6b7c030,0x00000000d6b80000)
  to   space 512K, 0% used [0x00000000d6e80000,0x00000000d6e80000,0x00000000d6f00000)
 ParOldGen       total 5632K, used 516K [0x0000000083800000, 0x0000000083d80000, 0x00000000d6800000)
  object space 5632K, 9% used [0x0000000083800000,0x0000000083881030,0x0000000083d80000)
 Metaspace       used 4830K, capacity 6060K, committed 6272K, reserved 1056768K
  class space    used 565K, capacity 616K, committed 640K, reserved 1048576K
}
Event: 0.243 GC heap before
{Heap before GC invocations=4 (full 0):
 PSYoungGen      total 3584K, used 3568K [0x00000000d6800000, 0x00000000d6f00000, 0x0000000100000000)
  eden space 3072K, 100% used [0x00000000d6800000,0x00000000d6b00000,0x00000000d6b00000)
  from space 512K, 96% used [0x00000000d6b00000,0x00000000d6b7c030,0x00000000d6b80000)
  to   space 512K, 0% used [0x00000000d6e80000,0x00000000d6e80000,0x00000000d6f00000)
 ParOldGen       total 5632K, used 516K [0x0000000083800000, 0x0000000083d80000, 0x00000000d6800000)
  object space 5632K, 9% used [0x0000000083800000,0x0000000083881030,0x0000000083d80000)
 Metaspace       used 5687K, capacity 6860K, committed 7168K, reserved 1056768K
  class space    used 689K, capacity 712K, committed 768K, reserved 1048576K
Event: 0.245 GC heap after
Heap after GC invocations=4 (full 0):
 PSYoungGen      total 6656K, used 496K [0x00000000d6800000, 0x00000000d6f00000, 0x0000000100000000)
  eden space 6144K, 0% used [0x00000000d6800000,0x00000000d6800000,0x00000000d6e00000)
  from space 512K, 96% used [0x00000000d6e80000,0x00000000d6efc010,0x00000000d6f00000)
  to   space 512K, 0% used [0x00000000d6e00000,0x00000000d6e00000,0x00000000d6e80000)
 ParOldGen       total 5632K, used 596K [0x0000000083800000, 0x0000000083d80000, 0x00000000d6800000)
  object space 5632K, 10% used [0x0000000083800000,0x0000000083895030,0x0000000083d80000)
 Metaspace       used 5687K, capacity 6860K, committed 7168K, reserved 1056768K
  class space    used 689K, capacity 712K, committed 768K, reserved 1048576K
}
Event: 0.355 GC heap before
{Heap before GC invocations=5 (full 0):
 PSYoungGen      total 6656K, used 6640K [0x00000000d6800000, 0x00000000d6f00000, 0x0000000100000000)
  eden space 6144K, 100% used [0x00000000d6800000,0x00000000d6e00000,0x00000000d6e00000)
  from space 512K, 96% used [0x00000000d6e80000,0x00000000d6efc010,0x00000000d6f00000)
  to   space 512K, 0% used [0x00000000d6e00000,0x00000000d6e00000,0x00000000d6e80000)
 ParOldGen       total 5632K, used 596K [0x0000000083800000, 0x0000000083d80000, 0x00000000d6800000)
  object space 5632K, 10% used [0x0000000083800000,0x0000000083895030,0x0000000083d80000)
 Metaspace       used 7173K, capacity 8116K, committed 8320K, reserved 1056768K
  class space    used 855K, capacity 880K, committed 896K, reserved 1048576K

