# JRE version: OpenJDK Runtime Environment (8.0_112-b06) (build 1.8.0_112-release-b06)
# Java VM: OpenJDK 64-Bit Server VM (25.112-b06 mixed mode linux-amd64 compressed oops)
Heap:
 PSYoungGen      total 149504K, used 7283K [0x00000000e0000000, 0x00000000ee780000, 0x0000000100000000)
  eden space 136704K, 0% used [0x00000000e0000000,0x00000000e0000000,0x00000000e8580000)
  from space 12800K, 56% used [0x00000000e9180000,0x00000000e989cf90,0x00000000e9e00000)
  to   space 12288K, 0% used [0x00000000e8580000,0x00000000e8580000,0x00000000e9180000)
 ParOldGen       total 69632K, used 18882K [0x00000000a0000000, 0x00000000a4400000, 0x00000000e0000000)
  object space 69632K, 27% used [0x00000000a0000000,0x00000000a1270a78,0x00000000a4400000)
 Metaspace       used 34631K, capacity 35290K, committed 35496K, reserved 1079296K
  class space    used 4637K, capacity 4855K, committed 4912K, reserved 1048576K
GC Heap History (10 events):
Event: 1.721 GC heap after
Heap after GC invocations=3 (full 0):
 PSYoungGen      total 70656K, used 5104K [0x00000000e0000000, 0x00000000e8a00000, 0x0000000100000000)
  eden space 65536K, 0% used [0x00000000e0000000,0x00000000e0000000,0x00000000e4000000)
  from space 5120K, 99% used [0x00000000e4000000,0x00000000e44fc040,0x00000000e4500000)
  to   space 5120K, 0% used [0x00000000e8500000,0x00000000e8500000,0x00000000e8a00000)
 ParOldGen       total 86016K, used 7812K [0x00000000a0000000, 0x00000000a5400000, 0x00000000e0000000)
  object space 86016K, 9% used [0x00000000a0000000,0x00000000a07a13f8,0x00000000a5400000)
 Metaspace       used 20900K, capacity 21164K, committed 21296K, reserved 1067008K
  class space    used 2747K, capacity 2838K, committed 2864K, reserved 1048576K
}
Event: 1.721 GC heap before
{Heap before GC invocations=4 (full 1):
 PSYoungGen      total 70656K, used 5104K [0x00000000e0000000, 0x00000000e8a00000, 0x0000000100000000)
  eden space 65536K, 0% used [0x00000000e0000000,0x00000000e0000000,0x00000000e4000000)
  from space 5120K, 99% used [0x00000000e4000000,0x00000000e44fc040,0x00000000e4500000)
  to   space 5120K, 0% used [0x00000000e8500000,0x00000000e8500000,0x00000000e8a00000)
 ParOldGen       total 86016K, used 7812K [0x00000000a0000000, 0x00000000a5400000, 0x00000000e0000000)
  object space 86016K, 9% used [0x00000000a0000000,0x00000000a07a13f8,0x00000000a5400000)
 Metaspace       used 20900K, capacity 21164K, committed 21296K, reserved 1067008K
  class space    used 2747K, capacity 2838K, committed 2864K, reserved 1048576K
Event: 1.769 GC heap after
Heap after GC invocations=4 (full 1):
 PSYoungGen      total 70656K, used 0K [0x00000000e0000000, 0x00000000e8a00000, 0x0000000100000000)
  eden space 65536K, 0% used [0x00000000e0000000,0x00000000e0000000,0x00000000e4000000)
  from space 5120K, 0% used [0x00000000e4000000,0x00000000e4000000,0x00000000e4500000)
  to   space 5120K, 0% used [0x00000000e8500000,0x00000000e8500000,0x00000000e8a00000)
 ParOldGen       total 69632K, used 11687K [0x00000000a0000000, 0x00000000a4400000, 0x00000000e0000000)
  object space 69632K, 16% used [0x00000000a0000000,0x00000000a0b69f78,0x00000000a4400000)
 Metaspace       used 20900K, capacity 21164K, committed 21296K, reserved 1067008K
  class space    used 2747K, capacity 2838K, committed 2864K, reserved 1048576K
}
Event: 2.378 GC heap before
{Heap before GC invocations=5 (full 1):
 PSYoungGen      total 70656K, used 65536K [0x00000000e0000000, 0x00000000e8a00000, 0x0000000100000000)
  eden space 65536K, 100% used [0x00000000e0000000,0x00000000e4000000,0x00000000e4000000)
  from space 5120K, 0% used [0x00000000e4000000,0x00000000e4000000,0x00000000e4500000)
  to   space 5120K, 0% used [0x00000000e8500000,0x00000000e8500000,0x00000000e8a00000)
 ParOldGen       total 69632K, used 11687K [0x00000000a0000000, 0x00000000a4400000, 0x00000000e0000000)
  object space 69632K, 16% used [0x00000000a0000000,0x00000000a0b69f78,0x00000000a4400000)
 Metaspace       used 25795K, capacity 26280K, committed 26544K, reserved 1073152K
  class space    used 3582K, capacity 3703K, committed 3760K, reserved 1048576K
Event: 2.389 GC heap after
Heap after GC invocations=5 (full 1):
 PSYoungGen      total 100864K, used 5094K [0x00000000e0000000, 0x00000000e8a00000, 0x0000000100000000)
  eden space 95744K, 0% used [0x00000000e0000000,0x00000000e0000000,0x00000000e5d80000)
  from space 5120K, 99% used [0x00000000e8500000,0x00000000e89f98b0,0x00000000e8a00000)
  to   space 5120K, 0% used [0x00000000e8000000,0x00000000e8000000,0x00000000e8500000)
 ParOldGen       total 69632K, used 13933K [0x00000000a0000000, 0x00000000a4400000, 0x00000000e0000000)
  object space 69632K, 20% used [0x00000000a0000000,0x00000000a0d9b7c0,0x00000000a4400000)
 Metaspace       used 25795K, capacity 26280K, committed 26544K, reserved 1073152K
  class space    used 3582K, capacity 3703K, committed 3760K, reserved 1048576K
}
Event: 3.982 GC heap before
{Heap before GC invocations=6 (full 1):
 PSYoungGen      total 100864K, used 100838K [0x00000000e0000000, 0x00000000e8a00000, 0x0000000100000000)
  eden space 95744K, 100% used [0x00000000e0000000,0x00000000e5d80000,0x00000000e5d80000)
  from space 5120K, 99% used [0x00000000e8500000,0x00000000e89f98b0,0x00000000e8a00000)
  to   space 5120K, 0% used [0x00000000e8000000,0x00000000e8000000,0x00000000e8500000)
 ParOldGen       total 69632K, used 13933K [0x00000000a0000000, 0x00000000a4400000, 0x00000000e0000000)
  object space 69632K, 20% used [0x00000000a0000000,0x00000000a0d9b7c0,0x00000000a4400000)
 Metaspace       used 33460K, capacity 34084K, committed 34480K, reserved 1079296K
  class space    used 4501K, capacity 4688K, committed 4784K, reserved 1048576K
Event: 3.996 GC heap after
Heap after GC invocations=6 (full 1):
 PSYoungGen      total 136192K, used 5104K [0x00000000e0000000, 0x00000000e9e00000, 0x0000000100000000)
  eden space 131072K, 0% used [0x00000000e0000000,0x00000000e0000000,0x00000000e8000000)
  from space 5120K, 99% used [0x00000000e8000000,0x00000000e84fc020,0x00000000e8500000)
  to   space 12800K, 0% used [0x00000000e9180000,0x00000000e9180000,0x00000000e9e00000)
 ParOldGen       total 69632K, used 18874K [0x00000000a0000000, 0x00000000a4400000, 0x00000000e0000000)
  object space 69632K, 27% used [0x00000000a0000000,0x00000000a126ea78,0x00000000a4400000)
 Metaspace       used 33460K, capacity 34084K, committed 34480K, reserved 1079296K
  class space    used 4501K, capacity 4688K, committed 4784K, reserved 1048576K
}
Event: 4.258 GC heap before
{Heap before GC invocations=7 (full 1):
 PSYoungGen      total 136192K, used 43260K [0x00000000e0000000, 0x00000000e9e00000, 0x0000000100000000)
  eden space 131072K, 29% used [0x00000000e0000000,0x00000000e25432f8,0x00000000e8000000)
  from space 5120K, 99% used [0x00000000e8000000,0x00000000e84fc020,0x00000000e8500000)
  to   space 12800K, 0% used [0x00000000e9180000,0x00000000e9180000,0x00000000e9e00000)
 ParOldGen       total 69632K, used 18874K [0x00000000a0000000, 0x00000000a4400000, 0x00000000e0000000)
  object space 69632K, 27% used [0x00000000a0000000,0x00000000a126ea78,0x00000000a4400000)
 Metaspace       used 34631K, capacity 35290K, committed 35496K, reserved 1079296K
  class space    used 4637K, capacity 4855K, committed 4912K, reserved 1048576K
Event: 4.293 GC heap after
Heap after GC invocations=7 (full 1):
 PSYoungGen      total 149504K, used 7283K [0x00000000e0000000, 0x00000000ee780000, 0x0000000100000000)
  eden space 136704K, 0% used [0x00000000e0000000,0x00000000e0000000,0x00000000e8580000)
  from space 12800K, 56% used [0x00000000e9180000,0x00000000e989cf90,0x00000000e9e00000)
  to   space 12288K, 0% used [0x00000000e8580000,0x00000000e8580000,0x00000000e9180000)
 ParOldGen       total 69632K, used 18882K [0x00000000a0000000, 0x00000000a4400000, 0x00000000e0000000)
  object space 69632K, 27% used [0x00000000a0000000,0x00000000a1270a78,0x00000000a4400000)
 Metaspace       used 34631K, capacity 35290K, committed 35496K, reserved 1079296K
  class space    used 4637K, capacity 4855K, committed 4912K, reserved 1048576K
}
Event: 4.293 GC heap before
{Heap before GC invocations=8 (full 2):
 PSYoungGen      total 149504K, used 7283K [0x00000000e0000000, 0x00000000ee780000, 0x0000000100000000)
  eden space 136704K, 0% used [0x00000000e0000000,0x00000000e0000000,0x00000000e8580000)
  from space 12800K, 56% used [0x00000000e9180000,0x00000000e989cf90,0x00000000e9e00000)
  to   space 12288K, 0% used [0x00000000e8580000,0x00000000e8580000,0x00000000e9180000)
 ParOldGen       total 69632K, used 18882K [0x00000000a0000000, 0x00000000a4400000, 0x00000000e0000000)
  object space 69632K, 27% used [0x00000000a0000000,0x00000000a1270a78,0x00000000a4400000)
 Metaspace       used 34631K, capacity 35290K, committed 35496K, reserved 1079296K
  class space    used 4637K, capacity 4855K, committed 4912K, reserved 1048576K

