# JRE version: OpenJDK Runtime Environment (8.0_112-b06) (build 1.8.0_112-release-b06)
# Java VM: OpenJDK 64-Bit Server VM (25.112-b06 mixed mode linux-amd64 compressed oops)
Heap:
 PSYoungGen      total 291840K, used 18020K [0x00000000e0000000, 0x00000000f3c80000, 0x0000000100000000)
  eden space 276992K, 4% used [0x00000000e0000000,0x00000000e0ce12d0,0x00000000f0e80000)
  from space 14848K, 32% used [0x00000000f2e00000,0x00000000f32b8090,0x00000000f3c80000)
  to   space 23552K, 0% used [0x00000000f0e80000,0x00000000f0e80000,0x00000000f2580000)
 ParOldGen       total 153088K, used 33846K [0x00000000a0000000, 0x00000000a9580000, 0x00000000e0000000)
  object space 153088K, 22% used [0x00000000a0000000,0x00000000a210d998,0x00000000a9580000)
 Metaspace       used 64033K, capacity 66110K, committed 66200K, reserved 1107968K
  class space    used 8222K, capacity 8612K, committed 8624K, reserved 1048576K
GC Heap History (10 events):
Event: 72.901 GC heap before
{Heap before GC invocations=11 (full 2):
 PSYoungGen      total 184320K, used 127456K [0x00000000e0000000, 0x00000000ed780000, 0x0000000100000000)
  eden space 170496K, 66% used [0x00000000e0000000,0x00000000e6efb4a8,0x00000000ea680000)
  from space 13824K, 99% used [0x00000000ebb00000,0x00000000ec87ce88,0x00000000ec880000)
  to   space 20992K, 0% used [0x00000000ea680000,0x00000000ea680000,0x00000000ebb00000)
 ParOldGen       total 103424K, used 27532K [0x00000000a0000000, 0x00000000a6500000, 0x00000000e0000000)
  object space 103424K, 26% used [0x00000000a0000000,0x00000000a1ae30f8,0x00000000a6500000)
 Metaspace       used 57327K, capacity 59026K, committed 59160K, reserved 1099776K
  class space    used 7538K, capacity 7878K, committed 7984K, reserved 1048576K
Event: 72.937 GC heap after
Heap after GC invocations=11 (full 2):
 PSYoungGen      total 191488K, used 20984K [0x00000000e0000000, 0x00000000efd80000, 0x0000000100000000)
  eden space 170496K, 0% used [0x00000000e0000000,0x00000000e0000000,0x00000000ea680000)
  from space 20992K, 99% used [0x00000000ea680000,0x00000000ebafe108,0x00000000ebb00000)
  to   space 25600K, 0% used [0x00000000ee480000,0x00000000ee480000,0x00000000efd80000)
 ParOldGen       total 103424K, used 31873K [0x00000000a0000000, 0x00000000a6500000, 0x00000000e0000000)
  object space 103424K, 30% used [0x00000000a0000000,0x00000000a1f20638,0x00000000a6500000)
 Metaspace       used 57327K, capacity 59026K, committed 59160K, reserved 1099776K
  class space    used 7538K, capacity 7878K, committed 7984K, reserved 1048576K
}
Event: 72.937 GC heap before
{Heap before GC invocations=12 (full 3):
 PSYoungGen      total 191488K, used 20984K [0x00000000e0000000, 0x00000000efd80000, 0x0000000100000000)
  eden space 170496K, 0% used [0x00000000e0000000,0x00000000e0000000,0x00000000ea680000)
  from space 20992K, 99% used [0x00000000ea680000,0x00000000ebafe108,0x00000000ebb00000)
  to   space 25600K, 0% used [0x00000000ee480000,0x00000000ee480000,0x00000000efd80000)
 ParOldGen       total 103424K, used 31873K [0x00000000a0000000, 0x00000000a6500000, 0x00000000e0000000)
  object space 103424K, 30% used [0x00000000a0000000,0x00000000a1f20638,0x00000000a6500000)
 Metaspace       used 57327K, capacity 59026K, committed 59160K, reserved 1099776K
  class space    used 7538K, capacity 7878K, committed 7984K, reserved 1048576K
Event: 73.139 GC heap after
Heap after GC invocations=12 (full 3):
 PSYoungGen      total 191488K, used 0K [0x00000000e0000000, 0x00000000efd80000, 0x0000000100000000)
  eden space 170496K, 0% used [0x00000000e0000000,0x00000000e0000000,0x00000000ea680000)
  from space 20992K, 0% used [0x00000000ea680000,0x00000000ea680000,0x00000000ebb00000)
  to   space 25600K, 0% used [0x00000000ee480000,0x00000000ee480000,0x00000000efd80000)
 ParOldGen       total 153088K, used 33822K [0x00000000a0000000, 0x00000000a9580000, 0x00000000e0000000)
  object space 153088K, 22% used [0x00000000a0000000,0x00000000a2107998,0x00000000a9580000)
 Metaspace       used 57327K, capacity 59026K, committed 59160K, reserved 1099776K
  class space    used 7538K, capacity 7878K, committed 7984K, reserved 1048576K
}
Event: 75.237 GC heap before
{Heap before GC invocations=13 (full 3):
 PSYoungGen      total 191488K, used 168533K [0x00000000e0000000, 0x00000000efd80000, 0x0000000100000000)
  eden space 170496K, 98% used [0x00000000e0000000,0x00000000ea4955f8,0x00000000ea680000)
  from space 20992K, 0% used [0x00000000ea680000,0x00000000ea680000,0x00000000ebb00000)
  to   space 25600K, 0% used [0x00000000ee480000,0x00000000ee480000,0x00000000efd80000)
 ParOldGen       total 153088K, used 33822K [0x00000000a0000000, 0x00000000a9580000, 0x00000000e0000000)
  object space 153088K, 22% used [0x00000000a0000000,0x00000000a2107998,0x00000000a9580000)
 Metaspace       used 62188K, capacity 64008K, committed 64152K, reserved 1105920K
  class space    used 8009K, capacity 8365K, committed 8368K, reserved 1048576K
Event: 75.249 GC heap after
Heap after GC invocations=13 (full 3):
 PSYoungGen      total 234496K, used 8633K [0x00000000e0000000, 0x00000000f0100000, 0x0000000100000000)
  eden space 208896K, 0% used [0x00000000e0000000,0x00000000e0000000,0x00000000ecc00000)
  from space 25600K, 33% used [0x00000000ee480000,0x00000000eecee670,0x00000000efd80000)
  to   space 25088K, 0% used [0x00000000ecc00000,0x00000000ecc00000,0x00000000ee480000)
 ParOldGen       total 153088K, used 33830K [0x00000000a0000000, 0x00000000a9580000, 0x00000000e0000000)
  object space 153088K, 22% used [0x00000000a0000000,0x00000000a2109998,0x00000000a9580000)
 Metaspace       used 62188K, capacity 64008K, committed 64152K, reserved 1105920K
  class space    used 8009K, capacity 8365K, committed 8368K, reserved 1048576K
}
Event: 75.535 GC heap before
{Heap before GC invocations=14 (full 3):
 PSYoungGen      total 234496K, used 216726K [0x00000000e0000000, 0x00000000f0100000, 0x0000000100000000)
  eden space 208896K, 99% used [0x00000000e0000000,0x00000000ecb372b8,0x00000000ecc00000)
  from space 25600K, 33% used [0x00000000ee480000,0x00000000eecee670,0x00000000efd80000)
  to   space 25088K, 0% used [0x00000000ecc00000,0x00000000ecc00000,0x00000000ee480000)
 ParOldGen       total 153088K, used 33830K [0x00000000a0000000, 0x00000000a9580000, 0x00000000e0000000)
  object space 153088K, 22% used [0x00000000a0000000,0x00000000a2109998,0x00000000a9580000)
 Metaspace       used 63103K, capacity 64960K, committed 65176K, reserved 1105920K
  class space    used 8151K, capacity 8547K, committed 8624K, reserved 1048576K
Event: 75.552 GC heap after
Heap after GC invocations=14 (full 3):
 PSYoungGen      total 233984K, used 11870K [0x00000000e0000000, 0x00000000f4500000, 0x0000000100000000)
  eden space 208896K, 0% used [0x00000000e0000000,0x00000000e0000000,0x00000000ecc00000)
  from space 25088K, 47% used [0x00000000ecc00000,0x00000000ed797b50,0x00000000ee480000)
  to   space 23552K, 0% used [0x00000000f2e00000,0x00000000f2e00000,0x00000000f4500000)
 ParOldGen       total 153088K, used 33838K [0x00000000a0000000, 0x00000000a9580000, 0x00000000e0000000)
  object space 153088K, 22% used [0x00000000a0000000,0x00000000a210b998,0x00000000a9580000)
 Metaspace       used 63103K, capacity 64960K, committed 65176K, reserved 1105920K
  class space    used 8151K, capacity 8547K, committed 8624K, reserved 1048576K
}
Event: 364.323 GC heap before
{Heap before GC invocations=15 (full 3):
 PSYoungGen      total 233984K, used 220766K [0x00000000e0000000, 0x00000000f4500000, 0x0000000100000000)
  eden space 208896K, 100% used [0x00000000e0000000,0x00000000ecc00000,0x00000000ecc00000)
  from space 25088K, 47% used [0x00000000ecc00000,0x00000000ed797b50,0x00000000ee480000)
  to   space 23552K, 0% used [0x00000000f2e00000,0x00000000f2e00000,0x00000000f4500000)
 ParOldGen       total 153088K, used 33838K [0x00000000a0000000, 0x00000000a9580000, 0x00000000e0000000)
  object space 153088K, 22% used [0x00000000a0000000,0x00000000a210b998,0x00000000a9580000)
 Metaspace       used 64021K, capacity 66110K, committed 66200K, reserved 1107968K
  class space    used 8222K, capacity 8612K, committed 8624K, reserved 1048576K
Event: 364.336 GC heap after
Heap after GC invocations=15 (full 3):
 PSYoungGen      total 291840K, used 4832K [0x00000000e0000000, 0x00000000f3c80000, 0x0000000100000000)
  eden space 276992K, 0% used [0x00000000e0000000,0x00000000e0000000,0x00000000f0e80000)
  from space 14848K, 32% used [0x00000000f2e00000,0x00000000f32b8090,0x00000000f3c80000)
  to   space 23552K, 0% used [0x00000000f0e80000,0x00000000f0e80000,0x00000000f2580000)
 ParOldGen       total 153088K, used 33846K [0x00000000a0000000, 0x00000000a9580000, 0x00000000e0000000)
  object space 153088K, 22% used [0x00000000a0000000,0x00000000a210d998,0x00000000a9580000)
 Metaspace       used 64021K, capacity 66110K, committed 66200K, reserved 1107968K
  class space    used 8222K, capacity 8612K, committed 8624K, reserved 1048576K
}

