# JRE version: OpenJDK Runtime Environment (8.0_112-b06) (build 1.8.0_112-release-b06)
# Java VM: OpenJDK 64-Bit Server VM (25.112-b06 mixed mode linux-amd64 compressed oops)
Heap:
 PSYoungGen      total 197632K, used 3325K [0x00000000e0000000, 0x00000000f3b00000, 0x0000000100000000)
  eden space 172544K, 1% used [0x00000000e0000000,0x00000000e033f408,0x00000000ea880000)
  from space 25088K, 0% used [0x00000000ea880000,0x00000000ea880000,0x00000000ec100000)
  to   space 26112K, 0% used [0x00000000f2180000,0x00000000f2180000,0x00000000f3b00000)
 ParOldGen       total 138752K, used 39795K [0x00000000a0000000, 0x00000000a8780000, 0x00000000e0000000)
  object space 138752K, 28% used [0x00000000a0000000,0x00000000a26dccc8,0x00000000a8780000)
 Metaspace       used 57284K, capacity 59142K, committed 59392K, reserved 1099776K
  class space    used 7676K, capacity 8076K, committed 8192K, reserved 1048576K
GC Heap History (10 events):
Event: 26.163 GC heap before
{Heap before GC invocations=8 (full 2):
 PSYoungGen      total 124928K, used 119808K [0x00000000e0000000, 0x00000000e9300000, 0x0000000100000000)
  eden space 119808K, 100% used [0x00000000e0000000,0x00000000e7500000,0x00000000e7500000)
  from space 5120K, 0% used [0x00000000e8000000,0x00000000e8000000,0x00000000e8500000)
  to   space 14336K, 0% used [0x00000000e8500000,0x00000000e8500000,0x00000000e9300000)
 ParOldGen       total 111104K, used 19319K [0x00000000a0000000, 0x00000000a6c80000, 0x00000000e0000000)
  object space 111104K, 17% used [0x00000000a0000000,0x00000000a12ddf60,0x00000000a6c80000)
 Metaspace       used 42087K, capacity 43020K, committed 43264K, reserved 1087488K
  class space    used 5557K, capacity 5797K, committed 5888K, reserved 1048576K
Event: 26.174 GC heap after
Heap after GC invocations=8 (full 2):
 PSYoungGen      total 136192K, used 8521K [0x00000000e0000000, 0x00000000ec300000, 0x0000000100000000)
  eden space 121856K, 0% used [0x00000000e0000000,0x00000000e0000000,0x00000000e7700000)
  from space 14336K, 59% used [0x00000000e8500000,0x00000000e8d52468,0x00000000e9300000)
  to   space 14336K, 0% used [0x00000000e7700000,0x00000000e7700000,0x00000000e8500000)
 ParOldGen       total 111104K, used 19391K [0x00000000a0000000, 0x00000000a6c80000, 0x00000000e0000000)
  object space 111104K, 17% used [0x00000000a0000000,0x00000000a12eff70,0x00000000a6c80000)
 Metaspace       used 42087K, capacity 43020K, committed 43264K, reserved 1087488K
  class space    used 5557K, capacity 5797K, committed 5888K, reserved 1048576K
}
Event: 27.396 GC heap before
{Heap before GC invocations=9 (full 2):
 PSYoungGen      total 136192K, used 130377K [0x00000000e0000000, 0x00000000ec300000, 0x0000000100000000)
  eden space 121856K, 100% used [0x00000000e0000000,0x00000000e7700000,0x00000000e7700000)
  from space 14336K, 59% used [0x00000000e8500000,0x00000000e8d52468,0x00000000e9300000)
  to   space 14336K, 0% used [0x00000000e7700000,0x00000000e7700000,0x00000000e8500000)
 ParOldGen       total 111104K, used 19391K [0x00000000a0000000, 0x00000000a6c80000, 0x00000000e0000000)
  object space 111104K, 17% used [0x00000000a0000000,0x00000000a12eff70,0x00000000a6c80000)
 Metaspace       used 51066K, capacity 52420K, committed 52480K, reserved 1095680K
  class space    used 6801K, capacity 7128K, committed 7168K, reserved 1048576K
Event: 27.420 GC heap after
Heap after GC invocations=9 (full 2):
 PSYoungGen      total 136192K, used 14306K [0x00000000e0000000, 0x00000000ed280000, 0x0000000100000000)
  eden space 121856K, 0% used [0x00000000e0000000,0x00000000e0000000,0x00000000e7700000)
  from space 14336K, 99% used [0x00000000e7700000,0x00000000e84f8a40,0x00000000e8500000)
  to   space 17920K, 0% used [0x00000000ec100000,0x00000000ec100000,0x00000000ed280000)
 ParOldGen       total 111104K, used 21753K [0x00000000a0000000, 0x00000000a6c80000, 0x00000000e0000000)
  object space 111104K, 19% used [0x00000000a0000000,0x00000000a153e4d8,0x00000000a6c80000)
 Metaspace       used 51066K, capacity 52420K, committed 52480K, reserved 1095680K
  class space    used 6801K, capacity 7128K, committed 7168K, reserved 1048576K
}
Event: 28.909 GC heap before
{Heap before GC invocations=10 (full 2):
 PSYoungGen      total 136192K, used 136162K [0x00000000e0000000, 0x00000000ed280000, 0x0000000100000000)
  eden space 121856K, 100% used [0x00000000e0000000,0x00000000e7700000,0x00000000e7700000)
  from space 14336K, 99% used [0x00000000e7700000,0x00000000e84f8a40,0x00000000e8500000)
  to   space 17920K, 0% used [0x00000000ec100000,0x00000000ec100000,0x00000000ed280000)
 ParOldGen       total 111104K, used 21753K [0x00000000a0000000, 0x00000000a6c80000, 0x00000000e0000000)
  object space 111104K, 19% used [0x00000000a0000000,0x00000000a153e4d8,0x00000000a6c80000)
 Metaspace       used 57137K, capacity 58936K, committed 59008K, reserved 1099776K
  class space    used 7655K, capacity 8050K, committed 8064K, reserved 1048576K
Event: 28.947 GC heap after
Heap after GC invocations=10 (full 2):
 PSYoungGen      total 190464K, used 17899K [0x00000000e0000000, 0x00000000ee700000, 0x0000000100000000)
  eden space 172544K, 0% used [0x00000000e0000000,0x00000000e0000000,0x00000000ea880000)
  from space 17920K, 99% used [0x00000000ec100000,0x00000000ed27ad88,0x00000000ed280000)
  to   space 25088K, 0% used [0x00000000ea880000,0x00000000ea880000,0x00000000ec100000)
 ParOldGen       total 111104K, used 32614K [0x00000000a0000000, 0x00000000a6c80000, 0x00000000e0000000)
  object space 111104K, 29% used [0x00000000a0000000,0x00000000a1fd9a48,0x00000000a6c80000)
 Metaspace       used 57137K, capacity 58936K, committed 59008K, reserved 1099776K
  class space    used 7655K, capacity 8050K, committed 8064K, reserved 1048576K
}
Event: 28.953 GC heap before
{Heap before GC invocations=11 (full 2):
 PSYoungGen      total 190464K, used 21139K [0x00000000e0000000, 0x00000000ee700000, 0x0000000100000000)
  eden space 172544K, 1% used [0x00000000e0000000,0x00000000e032a090,0x00000000ea880000)
  from space 17920K, 99% used [0x00000000ec100000,0x00000000ed27ad88,0x00000000ed280000)
  to   space 25088K, 0% used [0x00000000ea880000,0x00000000ea880000,0x00000000ec100000)
 ParOldGen       total 111104K, used 32614K [0x00000000a0000000, 0x00000000a6c80000, 0x00000000e0000000)
  object space 111104K, 29% used [0x00000000a0000000,0x00000000a1fd9a48,0x00000000a6c80000)
 Metaspace       used 57158K, capacity 59000K, committed 59096K, reserved 1099776K
  class space    used 7659K, capacity 8050K, committed 8064K, reserved 1048576K
Event: 28.975 GC heap after
Heap after GC invocations=11 (full 2):
 PSYoungGen      total 197632K, used 17981K [0x00000000e0000000, 0x00000000f3b00000, 0x0000000100000000)
  eden space 172544K, 0% used [0x00000000e0000000,0x00000000e0000000,0x00000000ea880000)
  from space 25088K, 71% used [0x00000000ea880000,0x00000000eba0f570,0x00000000ec100000)
  to   space 26112K, 0% used [0x00000000f2180000,0x00000000f2180000,0x00000000f3b00000)
 ParOldGen       total 111104K, used 32622K [0x00000000a0000000, 0x00000000a6c80000, 0x00000000e0000000)
  object space 111104K, 29% used [0x00000000a0000000,0x00000000a1fdba48,0x00000000a6c80000)
 Metaspace       used 57158K, capacity 59000K, committed 59096K, reserved 1099776K
  class space    used 7659K, capacity 8050K, committed 8064K, reserved 1048576K
}
Event: 28.975 GC heap before
{Heap before GC invocations=12 (full 3):
 PSYoungGen      total 197632K, used 17981K [0x00000000e0000000, 0x00000000f3b00000, 0x0000000100000000)
  eden space 172544K, 0% used [0x00000000e0000000,0x00000000e0000000,0x00000000ea880000)
  from space 25088K, 71% used [0x00000000ea880000,0x00000000eba0f570,0x00000000ec100000)
  to   space 26112K, 0% used [0x00000000f2180000,0x00000000f2180000,0x00000000f3b00000)
 ParOldGen       total 111104K, used 32622K [0x00000000a0000000, 0x00000000a6c80000, 0x00000000e0000000)
  object space 111104K, 29% used [0x00000000a0000000,0x00000000a1fdba48,0x00000000a6c80000)
 Metaspace       used 57158K, capacity 59000K, committed 59096K, reserved 1099776K
  class space    used 7659K, capacity 8050K, committed 8064K, reserved 1048576K
Event: 29.172 GC heap after
Heap after GC invocations=12 (full 3):
 PSYoungGen      total 197632K, used 0K [0x00000000e0000000, 0x00000000f3b00000, 0x0000000100000000)
  eden space 172544K, 0% used [0x00000000e0000000,0x00000000e0000000,0x00000000ea880000)
  from space 25088K, 0% used [0x00000000ea880000,0x00000000ea880000,0x00000000ec100000)
  to   space 26112K, 0% used [0x00000000f2180000,0x00000000f2180000,0x00000000f3b00000)
 ParOldGen       total 138752K, used 39795K [0x00000000a0000000, 0x00000000a8780000, 0x00000000e0000000)
  object space 138752K, 28% used [0x00000000a0000000,0x00000000a26dccc8,0x00000000a8780000)
 Metaspace       used 57143K, capacity 58982K, committed 59096K, reserved 1099776K
  class space    used 7655K, capacity 8044K, committed 8064K, reserved 1048576K
}

