# JRE version: OpenJDK Runtime Environment (8.0_112-b06) (build 1.8.0_112-release-b06)
# Java VM: OpenJDK 64-Bit Server VM (25.112-b06 mixed mode linux-amd64 compressed oops)
Heap:
 PSYoungGen      total 273920K, used 181404K [0x00000000e0000000, 0x00000000f2b80000, 0x0000000100000000)
  eden space 260608K, 65% used [0x00000000e0000000,0x00000000ea79c218,0x00000000efe80000)
  from space 13312K, 73% used [0x00000000f1e80000,0x00000000f280af00,0x00000000f2b80000)
  to   space 23040K, 0% used [0x00000000efe80000,0x00000000efe80000,0x00000000f1500000)
 ParOldGen       total 158720K, used 38086K [0x00000000a0000000, 0x00000000a9b00000, 0x00000000e0000000)
  object space 158720K, 23% used [0x00000000a0000000,0x00000000a2531bb8,0x00000000a9b00000)
 Metaspace       used 67557K, capacity 70018K, committed 70040K, reserved 1110016K
  class space    used 8646K, capacity 9127K, committed 9136K, reserved 1048576K
GC Heap History (10 events):
Event: 15.186 GC heap before
{Heap before GC invocations=11 (full 2):
 PSYoungGen      total 188416K, used 90832K [0x00000000e0000000, 0x00000000ed580000, 0x0000000100000000)
  eden space 174080K, 43% used [0x00000000e0000000,0x00000000e4ab6bd0,0x00000000eaa00000)
  from space 14336K, 99% used [0x00000000ebe00000,0x00000000ecbfd4e8,0x00000000ecc00000)
  to   space 20480K, 0% used [0x00000000eaa00000,0x00000000eaa00000,0x00000000ebe00000)
 ParOldGen       total 102400K, used 26257K [0x00000000a0000000, 0x00000000a6400000, 0x00000000e0000000)
  object space 102400K, 25% used [0x00000000a0000000,0x00000000a19a44c8,0x00000000a6400000)
 Metaspace       used 57618K, capacity 59064K, committed 59160K, reserved 1099776K
  class space    used 7629K, capacity 7943K, committed 7984K, reserved 1048576K
Event: 15.227 GC heap after
Heap after GC invocations=11 (full 2):
 PSYoungGen      total 194560K, used 20468K [0x00000000e0000000, 0x00000000f0c00000, 0x0000000100000000)
  eden space 174080K, 0% used [0x00000000e0000000,0x00000000e0000000,0x00000000eaa00000)
  from space 20480K, 99% used [0x00000000eaa00000,0x00000000ebdfd140,0x00000000ebe00000)
  to   space 26112K, 0% used [0x00000000ef280000,0x00000000ef280000,0x00000000f0c00000)
 ParOldGen       total 102400K, used 33264K [0x00000000a0000000, 0x00000000a6400000, 0x00000000e0000000)
  object space 102400K, 32% used [0x00000000a0000000,0x00000000a207c070,0x00000000a6400000)
 Metaspace       used 57618K, capacity 59064K, committed 59160K, reserved 1099776K
  class space    used 7629K, capacity 7943K, committed 7984K, reserved 1048576K
}
Event: 15.227 GC heap before
{Heap before GC invocations=12 (full 3):
 PSYoungGen      total 194560K, used 20468K [0x00000000e0000000, 0x00000000f0c00000, 0x0000000100000000)
  eden space 174080K, 0% used [0x00000000e0000000,0x00000000e0000000,0x00000000eaa00000)
  from space 20480K, 99% used [0x00000000eaa00000,0x00000000ebdfd140,0x00000000ebe00000)
  to   space 26112K, 0% used [0x00000000ef280000,0x00000000ef280000,0x00000000f0c00000)
 ParOldGen       total 102400K, used 33264K [0x00000000a0000000, 0x00000000a6400000, 0x00000000e0000000)
  object space 102400K, 32% used [0x00000000a0000000,0x00000000a207c070,0x00000000a6400000)
 Metaspace       used 57618K, capacity 59064K, committed 59160K, reserved 1099776K
  class space    used 7629K, capacity 7943K, committed 7984K, reserved 1048576K
Event: 15.484 GC heap after
Heap after GC invocations=12 (full 3):
 PSYoungGen      total 194560K, used 0K [0x00000000e0000000, 0x00000000f0c00000, 0x0000000100000000)
  eden space 174080K, 0% used [0x00000000e0000000,0x00000000e0000000,0x00000000eaa00000)
  from space 20480K, 0% used [0x00000000eaa00000,0x00000000eaa00000,0x00000000ebe00000)
  to   space 26112K, 0% used [0x00000000ef280000,0x00000000ef280000,0x00000000f0c00000)
 ParOldGen       total 158720K, used 37806K [0x00000000a0000000, 0x00000000a9b00000, 0x00000000e0000000)
  object space 158720K, 23% used [0x00000000a0000000,0x00000000a24ebba0,0x00000000a9b00000)
 Metaspace       used 57618K, capacity 59064K, committed 59160K, reserved 1099776K
  class space    used 7629K, capacity 7943K, committed 7984K, reserved 1048576K
}
Event: 17.438 GC heap before
{Heap before GC invocations=13 (full 3):
 PSYoungGen      total 194560K, used 171057K [0x00000000e0000000, 0x00000000f0c00000, 0x0000000100000000)
  eden space 174080K, 98% used [0x00000000e0000000,0x00000000ea70c468,0x00000000eaa00000)
  from space 20480K, 0% used [0x00000000eaa00000,0x00000000eaa00000,0x00000000ebe00000)
  to   space 26112K, 0% used [0x00000000ef280000,0x00000000ef280000,0x00000000f0c00000)
 ParOldGen       total 158720K, used 37806K [0x00000000a0000000, 0x00000000a9b00000, 0x00000000e0000000)
  object space 158720K, 23% used [0x00000000a0000000,0x00000000a24ebba0,0x00000000a9b00000)
 Metaspace       used 60187K, capacity 61858K, committed 61976K, reserved 1103872K
  class space    used 7863K, capacity 8198K, committed 8240K, reserved 1048576K
Event: 17.452 GC heap after
Heap after GC invocations=13 (full 3):
 PSYoungGen      total 223744K, used 9573K [0x00000000e0000000, 0x00000000eff00000, 0x0000000100000000)
  eden space 210944K, 0% used [0x00000000e0000000,0x00000000e0000000,0x00000000ece00000)
  from space 12800K, 74% used [0x00000000ef280000,0x00000000efbd9618,0x00000000eff00000)
  to   space 25088K, 0% used [0x00000000ece00000,0x00000000ece00000,0x00000000ee680000)
 ParOldGen       total 158720K, used 38070K [0x00000000a0000000, 0x00000000a9b00000, 0x00000000e0000000)
  object space 158720K, 23% used [0x00000000a0000000,0x00000000a252dbb8,0x00000000a9b00000)
 Metaspace       used 60187K, capacity 61858K, committed 61976K, reserved 1103872K
  class space    used 7863K, capacity 8198K, committed 8240K, reserved 1048576K
}
Event: 17.742 GC heap before
{Heap before GC invocations=14 (full 3):
 PSYoungGen      total 223744K, used 219765K [0x00000000e0000000, 0x00000000eff00000, 0x0000000100000000)
  eden space 210944K, 99% used [0x00000000e0000000,0x00000000ecd44170,0x00000000ece00000)
  from space 12800K, 74% used [0x00000000ef280000,0x00000000efbd9618,0x00000000eff00000)
  to   space 25088K, 0% used [0x00000000ece00000,0x00000000ece00000,0x00000000ee680000)
 ParOldGen       total 158720K, used 38070K [0x00000000a0000000, 0x00000000a9b00000, 0x00000000e0000000)
  object space 158720K, 23% used [0x00000000a0000000,0x00000000a252dbb8,0x00000000a9b00000)
 Metaspace       used 61046K, capacity 62740K, committed 62872K, reserved 1103872K
  class space    used 7992K, capacity 8351K, committed 8368K, reserved 1048576K
Event: 17.755 GC heap after
Heap after GC invocations=14 (full 3):
 PSYoungGen      total 236032K, used 11426K [0x00000000e0000000, 0x00000000f3600000, 0x0000000100000000)
  eden space 210944K, 0% used [0x00000000e0000000,0x00000000e0000000,0x00000000ece00000)
  from space 25088K, 45% used [0x00000000ece00000,0x00000000ed928ba0,0x00000000ee680000)
  to   space 24064K, 0% used [0x00000000f1e80000,0x00000000f1e80000,0x00000000f3600000)
 ParOldGen       total 158720K, used 38078K [0x00000000a0000000, 0x00000000a9b00000, 0x00000000e0000000)
  object space 158720K, 23% used [0x00000000a0000000,0x00000000a252fbb8,0x00000000a9b00000)
 Metaspace       used 61046K, capacity 62740K, committed 62872K, reserved 1103872K
  class space    used 7992K, capacity 8351K, committed 8368K, reserved 1048576K
}
Event: 315.350 GC heap before
{Heap before GC invocations=15 (full 3):
 PSYoungGen      total 236032K, used 222370K [0x00000000e0000000, 0x00000000f3600000, 0x0000000100000000)
  eden space 210944K, 100% used [0x00000000e0000000,0x00000000ece00000,0x00000000ece00000)
  from space 25088K, 45% used [0x00000000ece00000,0x00000000ed928ba0,0x00000000ee680000)
  to   space 24064K, 0% used [0x00000000f1e80000,0x00000000f1e80000,0x00000000f3600000)
 ParOldGen       total 158720K, used 38078K [0x00000000a0000000, 0x00000000a9b00000, 0x00000000e0000000)
  object space 158720K, 23% used [0x00000000a0000000,0x00000000a252fbb8,0x00000000a9b00000)
 Metaspace       used 63211K, capacity 65008K, committed 65048K, reserved 1105920K
  class space    used 8155K, capacity 8487K, committed 8496K, reserved 1048576K
Event: 315.375 GC heap after
Heap after GC invocations=15 (full 3):
 PSYoungGen      total 273920K, used 9771K [0x00000000e0000000, 0x00000000f2b80000, 0x0000000100000000)
  eden space 260608K, 0% used [0x00000000e0000000,0x00000000e0000000,0x00000000efe80000)
  from space 13312K, 73% used [0x00000000f1e80000,0x00000000f280af00,0x00000000f2b80000)
  to   space 23040K, 0% used [0x00000000efe80000,0x00000000efe80000,0x00000000f1500000)
 ParOldGen       total 158720K, used 38086K [0x00000000a0000000, 0x00000000a9b00000, 0x00000000e0000000)
  object space 158720K, 23% used [0x00000000a0000000,0x00000000a2531bb8,0x00000000a9b00000)
 Metaspace       used 63211K, capacity 65008K, committed 65048K, reserved 1105920K
  class space    used 8155K, capacity 8487K, committed 8496K, reserved 1048576K
}

